2025-10-25 14:14:57,272 - INFO - Loaded valid access token from file
2025-10-25 14:14:57,276 - INFO - Preparing backtest data from 2025-10-10 to 2025-10-23
2025-10-25 14:14:57,277 - INFO - Downloading NIFTY data from 2025-10-10 to 2025-10-23
2025-10-25 14:14:58,381 - INFO - Saved to cache: NIFTY_2025-10-10_2025-10-23.csv
2025-10-25 14:14:58,385 - INFO - Downloading VIX data from 2025-10-10 to 2025-10-23
2025-10-25 14:14:59,666 - INFO - Saved to cache: VIX_2025-10-10_2025-10-23.csv
2025-10-25 14:14:59,684 - INFO - Processing 2025-10-10
2025-10-25 14:14:59,689 - INFO -   Strikes: CE=25400, PE=24900, Expiry=2025-10-14
2025-10-25 14:14:59,697 - INFO - Downloading instruments for 2025-10-10
2025-10-25 14:15:12,812 - INFO - Saved to cache: instruments_2025-10-10.csv
2025-10-25 14:15:12,844 - INFO -   Using expiry: 2025-10-28 (available: 18 expiries)
2025-10-25 14:15:12,850 - INFO -   Found: NIFTY25OCT25400CE / NIFTY25OCT24900PE
2025-10-25 14:15:12,852 - INFO - Downloading option data for NIFTY25OCT25400CE
2025-10-25 14:15:13,196 - INFO - Saved to cache: option_NIFTY25OCT25400CE_2025-10-10_2025-10-10.csv
2025-10-25 14:15:13,197 - INFO - Downloading option data for NIFTY25OCT24900PE
2025-10-25 14:15:13,540 - INFO - Saved to cache: option_NIFTY25OCT24900PE_2025-10-10_2025-10-10.csv
2025-10-25 14:15:13,547 - INFO -   Added 375 rows for 2025-10-10
2025-10-25 14:15:13,547 - INFO - Processing 2025-10-13
2025-10-25 14:15:13,550 - INFO -   Strikes: CE=25450, PE=24950, Expiry=2025-10-14
2025-10-25 14:15:13,551 - INFO - Downloading instruments for 2025-10-13
2025-10-25 14:15:28,507 - INFO - Saved to cache: instruments_2025-10-13.csv
2025-10-25 14:15:28,550 - INFO -   Using expiry: 2025-10-28 (available: 18 expiries)
2025-10-25 14:15:28,559 - INFO -   Found: NIFTY25OCT25450CE / NIFTY25OCT24950PE
2025-10-25 14:15:28,563 - INFO - Downloading option data for NIFTY25OCT25450CE
2025-10-25 14:15:29,908 - INFO - Saved to cache: option_NIFTY25OCT25450CE_2025-10-13_2025-10-13.csv
2025-10-25 14:15:29,912 - INFO - Downloading option data for NIFTY25OCT24950PE
2025-10-25 14:15:30,635 - INFO - Saved to cache: option_NIFTY25OCT24950PE_2025-10-13_2025-10-13.csv
2025-10-25 14:15:30,662 - INFO -   Added 375 rows for 2025-10-13
2025-10-25 14:15:30,666 - INFO - Processing 2025-10-14
2025-10-25 14:15:30,675 - INFO -   Strikes: CE=25550, PE=25050, Expiry=2025-10-14
2025-10-25 14:15:30,679 - INFO - Downloading instruments for 2025-10-14
2025-10-25 14:15:38,578 - INFO - Saved to cache: instruments_2025-10-14.csv
2025-10-25 14:15:38,667 - INFO -   Using expiry: 2025-10-28 (available: 18 expiries)
2025-10-25 14:15:38,692 - INFO -   Found: NIFTY25OCT25550CE / NIFTY25OCT25050PE
2025-10-25 14:15:38,699 - INFO - Downloading option data for NIFTY25OCT25550CE
2025-10-25 14:15:39,492 - INFO - Saved to cache: option_NIFTY25OCT25550CE_2025-10-14_2025-10-14.csv
2025-10-25 14:15:39,507 - INFO - Downloading option data for NIFTY25OCT25050PE
2025-10-25 14:15:39,839 - INFO - Saved to cache: option_NIFTY25OCT25050PE_2025-10-14_2025-10-14.csv
2025-10-25 14:15:39,846 - INFO -   Added 375 rows for 2025-10-14
2025-10-25 14:15:39,847 - INFO - Processing 2025-10-15
2025-10-25 14:15:39,850 - INFO -   Strikes: CE=25450, PE=24950, Expiry=2025-10-21
2025-10-25 14:15:39,851 - INFO - Downloading instruments for 2025-10-15
2025-10-25 14:15:42,750 - INFO - Saved to cache: instruments_2025-10-15.csv
2025-10-25 14:15:42,794 - INFO -   Using expiry: 2025-10-28 (available: 18 expiries)
2025-10-25 14:15:42,799 - INFO -   Found: NIFTY25OCT25450CE / NIFTY25OCT24950PE
2025-10-25 14:15:42,800 - INFO - Downloading option data for NIFTY25OCT25450CE
2025-10-25 14:15:43,138 - INFO - Saved to cache: option_NIFTY25OCT25450CE_2025-10-15_2025-10-15.csv
2025-10-25 14:15:43,139 - INFO - Downloading option data for NIFTY25OCT24950PE
2025-10-25 14:15:43,468 - INFO - Saved to cache: option_NIFTY25OCT24950PE_2025-10-15_2025-10-15.csv
2025-10-25 14:15:43,475 - INFO -   Added 375 rows for 2025-10-15
2025-10-25 14:15:43,475 - INFO - Processing 2025-10-16
2025-10-25 14:15:43,477 - INFO -   Strikes: CE=25650, PE=25150, Expiry=2025-10-21
2025-10-25 14:15:43,478 - INFO - Downloading instruments for 2025-10-16
2025-10-25 14:15:58,713 - INFO - Saved to cache: instruments_2025-10-16.csv
2025-10-25 14:15:58,745 - INFO -   Using expiry: 2025-10-28 (available: 18 expiries)
2025-10-25 14:15:58,751 - INFO -   Found: NIFTY25OCT25650CE / NIFTY25OCT25150PE
2025-10-25 14:15:58,751 - INFO - Downloading option data for NIFTY25OCT25650CE
2025-10-25 14:15:59,176 - INFO - Saved to cache: option_NIFTY25OCT25650CE_2025-10-16_2025-10-16.csv
2025-10-25 14:15:59,177 - INFO - Downloading option data for NIFTY25OCT25150PE
2025-10-25 14:15:59,585 - INFO - Saved to cache: option_NIFTY25OCT25150PE_2025-10-16_2025-10-16.csv
2025-10-25 14:15:59,603 - INFO -   Added 375 rows for 2025-10-16
2025-10-25 14:15:59,605 - INFO - Processing 2025-10-17
2025-10-25 14:15:59,609 - INFO -   Strikes: CE=25800, PE=25300, Expiry=2025-10-21
2025-10-25 14:15:59,609 - INFO - Downloading instruments for 2025-10-17
2025-10-25 14:16:10,788 - INFO - Saved to cache: instruments_2025-10-17.csv
2025-10-25 14:16:10,811 - INFO -   Using expiry: 2025-10-28 (available: 18 expiries)
2025-10-25 14:16:10,814 - INFO -   Found: NIFTY25OCT25800CE / NIFTY25OCT25300PE
2025-10-25 14:16:10,815 - INFO - Downloading option data for NIFTY25OCT25800CE
2025-10-25 14:16:11,186 - INFO - Saved to cache: option_NIFTY25OCT25800CE_2025-10-17_2025-10-17.csv
2025-10-25 14:16:11,186 - INFO - Downloading option data for NIFTY25OCT25300PE
2025-10-25 14:16:11,509 - INFO - Saved to cache: option_NIFTY25OCT25300PE_2025-10-17_2025-10-17.csv
2025-10-25 14:16:11,518 - INFO -   Added 375 rows for 2025-10-17
2025-10-25 14:16:11,518 - INFO - Processing 2025-10-20
2025-10-25 14:16:11,522 - INFO -   Strikes: CE=26150, PE=25650, Expiry=2025-10-21
2025-10-25 14:16:11,529 - INFO - Loaded from cache: instruments_2025-10-20.csv
2025-10-25 14:16:11,533 - INFO -   Using expiry: 2025-10-28 (available: 18 expiries)
2025-10-25 14:16:11,537 - INFO -   Found: NIFTY25OCT26150CE / NIFTY25OCT25650PE
2025-10-25 14:16:11,544 - INFO - Loaded from cache: option_NIFTY25OCT26150CE_2025-10-20_2025-10-20.csv
2025-10-25 14:16:11,554 - INFO - Loaded from cache: option_NIFTY25OCT25650PE_2025-10-20_2025-10-20.csv
2025-10-25 14:16:11,560 - INFO -   Added 375 rows for 2025-10-20
2025-10-25 14:16:11,561 - INFO - Processing 2025-10-21
2025-10-25 14:16:11,565 - INFO -   Strikes: CE=26150, PE=25650, Expiry=2025-10-21
2025-10-25 14:16:11,581 - INFO - Loaded from cache: instruments_2025-10-21.csv
2025-10-25 14:16:11,587 - INFO -   Using expiry: 2025-10-28 (available: 18 expiries)
2025-10-25 14:16:11,595 - INFO -   Found: NIFTY25OCT26150CE / NIFTY25OCT25650PE
2025-10-25 14:16:11,602 - INFO - Loaded from cache: option_NIFTY25OCT26150CE_2025-10-21_2025-10-21.csv
2025-10-25 14:16:11,606 - INFO - Loaded from cache: option_NIFTY25OCT25650PE_2025-10-21_2025-10-21.csv
2025-10-25 14:16:11,621 - INFO -   Added 60 rows for 2025-10-21
2025-10-25 14:16:11,621 - INFO - Processing 2025-10-23
2025-10-25 14:16:11,623 - INFO -   Strikes: CE=26250, PE=25750, Expiry=2025-10-28
2025-10-25 14:16:11,631 - INFO - Loaded from cache: instruments_2025-10-23.csv
2025-10-25 14:16:11,637 - INFO -   Using expiry: 2025-10-28 (available: 18 expiries)
2025-10-25 14:16:11,640 - INFO -   Found: NIFTY25OCT26250CE / NIFTY25OCT25750PE
2025-10-25 14:16:11,648 - INFO - Loaded from cache: option_NIFTY25OCT26250CE_2025-10-23_2025-10-23.csv
2025-10-25 14:16:11,661 - INFO - Loaded from cache: option_NIFTY25OCT25750PE_2025-10-23_2025-10-23.csv
2025-10-25 14:16:11,675 - INFO -   Added 375 rows for 2025-10-23
2025-10-25 14:16:11,687 - INFO - Backtest data prepared: 3060 total rows
2025-10-25 14:16:11,828 - INFO - ENTRY EVALUATION: Entry approved - VIX: 10.20, IV Percentile: 50.0%
2025-10-25 14:16:11,830 - INFO - STRIKES SELECTED: CE=25502, PE=24998, OTM Distance=252, VIX=10.20
2025-10-25 14:16:11,832 - INFO - ENTRY EXECUTION: CE=170.95, PE=66.10, Combined=237.05
2025-10-25 14:16:11,832 - WARNING - Combined premium Rs.237.05 outside range [50, 200]
2025-10-25 14:16:11,981 - INFO - DAY SUMMARY: Trades=0, Daily P&L=Rs.0.00, CE=Rs.0.00, PE=Rs.0.00, Entry Checks=1
2025-10-25 14:16:11,991 - INFO - ENTRY EVALUATION: IV percentile too high (99.2% > 80%)
2025-10-25 14:16:11,991 - INFO - ENTRY EVALUATION: IV percentile too high (95.6% > 80%)
2025-10-25 14:16:11,992 - INFO - ENTRY EVALUATION: IV percentile too high (97.6% > 80%)
2025-10-25 14:16:11,993 - INFO - ENTRY EVALUATION: IV percentile too high (99.2% > 80%)
2025-10-25 14:16:11,994 - INFO - ENTRY EVALUATION: IV percentile too high (98.4% > 80%)
2025-10-25 14:16:11,994 - INFO - ENTRY EVALUATION: IV percentile too high (97.6% > 80%)
2025-10-25 14:16:11,995 - INFO - ENTRY EVALUATION: IV percentile too high (95.2% > 80%)
2025-10-25 14:16:11,995 - INFO - ENTRY EVALUATION: IV percentile too high (88.1% > 80%)
2025-10-25 14:16:11,996 - INFO - ENTRY EVALUATION: IV percentile too high (87.3% > 80%)
2025-10-25 14:16:11,997 - INFO - ENTRY EVALUATION: IV percentile too high (88.9% > 80%)
2025-10-25 14:16:11,997 - INFO - ENTRY EVALUATION: IV percentile too high (90.1% > 80%)
2025-10-25 14:16:11,998 - INFO - ENTRY EVALUATION: IV percentile too high (92.9% > 80%)
2025-10-25 14:16:11,999 - INFO - ENTRY EVALUATION: IV percentile too high (92.1% > 80%)
2025-10-25 14:16:12,000 - INFO - ENTRY EVALUATION: IV percentile too high (83.3% > 80%)
2025-10-25 14:16:12,001 - INFO - ENTRY EVALUATION: IV percentile too high (84.9% > 80%)
2025-10-25 14:16:12,003 - INFO - ENTRY EVALUATION: IV percentile too high (81.7% > 80%)
2025-10-25 14:16:12,004 - INFO - ENTRY EVALUATION: IV percentile too high (81.0% > 80%)
2025-10-25 14:16:12,005 - INFO - ENTRY EVALUATION: IV percentile too high (86.9% > 80%)
2025-10-25 14:16:12,006 - INFO - ENTRY EVALUATION: IV percentile too high (84.9% > 80%)
2025-10-25 14:16:12,007 - INFO - ENTRY EVALUATION: IV percentile too high (84.1% > 80%)
2025-10-25 14:16:12,008 - INFO - ENTRY EVALUATION: IV percentile too high (90.5% > 80%)
2025-10-25 14:16:12,008 - INFO - ENTRY EVALUATION: IV percentile too high (95.2% > 80%)
2025-10-25 14:16:12,009 - INFO - ENTRY EVALUATION: IV percentile too high (97.6% > 80%)
2025-10-25 14:16:12,010 - INFO - ENTRY EVALUATION: IV percentile too high (94.4% > 80%)
2025-10-25 14:16:12,010 - INFO - ENTRY EVALUATION: IV percentile too high (96.0% > 80%)
2025-10-25 14:16:12,011 - INFO - ENTRY EVALUATION: IV percentile too high (94.4% > 80%)
2025-10-25 14:16:12,012 - INFO - ENTRY EVALUATION: IV percentile too high (87.3% > 80%)
2025-10-25 14:16:12,012 - INFO - ENTRY EVALUATION: IV percentile too high (91.3% > 80%)
2025-10-25 14:16:12,013 - INFO - ENTRY EVALUATION: IV percentile too high (92.1% > 80%)
2025-10-25 14:16:12,014 - INFO - ENTRY EVALUATION: IV percentile too high (93.7% > 80%)
2025-10-25 14:16:12,014 - INFO - ENTRY EVALUATION: IV percentile too high (90.5% > 80%)
2025-10-25 14:16:12,015 - INFO - ENTRY EVALUATION: IV percentile too high (92.9% > 80%)
2025-10-25 14:16:12,016 - INFO - ENTRY EVALUATION: IV percentile too high (87.3% > 80%)
2025-10-25 14:16:12,017 - INFO - ENTRY EVALUATION: IV percentile too high (86.5% > 80%)
2025-10-25 14:16:12,019 - INFO - ENTRY EVALUATION: IV percentile too high (84.9% > 80%)
2025-10-25 14:16:12,020 - INFO - ENTRY EVALUATION: IV percentile too high (84.1% > 80%)
2025-10-25 14:16:12,020 - INFO - ENTRY EVALUATION: IV percentile too high (81.7% > 80%)
2025-10-25 14:16:12,021 - INFO - ENTRY EVALUATION: IV percentile too high (81.0% > 80%)
2025-10-25 14:16:12,022 - INFO - ENTRY EVALUATION: IV percentile too high (83.3% > 80%)
2025-10-25 14:16:12,022 - INFO - ENTRY EVALUATION: Entry approved - VIX: 11.14, IV Percentile: 77.0%
2025-10-25 14:16:12,023 - INFO - STRIKES SELECTED: CE=25464, PE=24936, OTM Distance=264, VIX=11.14
2025-10-25 14:16:12,024 - INFO - ENTRY EXECUTION: CE=124.05, PE=92.15, Combined=216.20
2025-10-25 14:16:12,024 - WARNING - Combined premium Rs.216.20 outside range [50, 200]
2025-10-25 14:16:12,140 - INFO - DAY SUMMARY: Trades=0, Daily P&L=Rs.0.00, CE=Rs.0.00, PE=Rs.0.00, Entry Checks=43
2025-10-25 14:16:12,163 - INFO - ENTRY EVALUATION: IV percentile too low (3.2% < 30%)
2025-10-25 14:16:12,164 - INFO - ENTRY EVALUATION: IV percentile too low (6.7% < 30%)
2025-10-25 14:16:12,165 - INFO - ENTRY EVALUATION: IV percentile too low (11.1% < 30%)
2025-10-25 14:16:12,166 - INFO - ENTRY EVALUATION: IV percentile too low (4.4% < 30%)
2025-10-25 14:16:12,170 - INFO - ENTRY EVALUATION: IV percentile too low (7.5% < 30%)
2025-10-25 14:16:12,171 - INFO - ENTRY EVALUATION: IV percentile too low (2.8% < 30%)
2025-10-25 14:16:12,172 - INFO - ENTRY EVALUATION: IV percentile too low (2.0% < 30%)
2025-10-25 14:16:12,174 - INFO - ENTRY EVALUATION: IV percentile too low (0.0% < 30%)
2025-10-25 14:16:12,176 - INFO - ENTRY EVALUATION: IV percentile too low (2.8% < 30%)
2025-10-25 14:16:12,177 - INFO - ENTRY EVALUATION: IV percentile too low (22.2% < 30%)
2025-10-25 14:16:12,179 - INFO - ENTRY EVALUATION: IV percentile too low (19.0% < 30%)
2025-10-25 14:16:12,180 - INFO - ENTRY EVALUATION: Entry approved - VIX: 11.00, IV Percentile: 34.9%
2025-10-25 14:16:12,180 - INFO - STRIKES SELECTED: CE=25512, PE=24988, OTM Distance=262, VIX=11.00
2025-10-25 14:16:12,182 - INFO - ENTRY EXECUTION: CE=98.00, PE=103.15, Combined=201.15
2025-10-25 14:16:12,182 - WARNING - Combined premium Rs.201.15 outside range [50, 200]
2025-10-25 14:16:12,352 - INFO - DAY SUMMARY: Trades=0, Daily P&L=Rs.0.00, CE=Rs.0.00, PE=Rs.0.00, Entry Checks=15
2025-10-25 14:16:12,365 - INFO - ENTRY EVALUATION: IV percentile too low (2.4% < 30%)
2025-10-25 14:16:12,366 - INFO - ENTRY EVALUATION: IV percentile too low (1.6% < 30%)
2025-10-25 14:16:12,368 - INFO - ENTRY EVALUATION: IV percentile too low (0.0% < 30%)
2025-10-25 14:16:12,369 - INFO - ENTRY EVALUATION: IV percentile too low (0.8% < 30%)
2025-10-25 14:16:12,370 - INFO - ENTRY EVALUATION: IV percentile too low (0.0% < 30%)
2025-10-25 14:16:12,371 - INFO - ENTRY EVALUATION: IV percentile too low (3.2% < 30%)
2025-10-25 14:16:12,373 - INFO - ENTRY EVALUATION: IV percentile too low (5.2% < 30%)
2025-10-25 14:16:12,374 - INFO - ENTRY EVALUATION: IV percentile too low (6.0% < 30%)
2025-10-25 14:16:12,375 - INFO - ENTRY EVALUATION: IV percentile too low (7.9% < 30%)
2025-10-25 14:16:12,375 - INFO - ENTRY EVALUATION: IV percentile too low (11.9% < 30%)
2025-10-25 14:16:12,376 - INFO - ENTRY EVALUATION: IV percentile too low (15.1% < 30%)
2025-10-25 14:16:12,377 - INFO - ENTRY EVALUATION: IV percentile too low (7.9% < 30%)
2025-10-25 14:16:12,377 - INFO - ENTRY EVALUATION: IV percentile too low (12.7% < 30%)
2025-10-25 14:16:12,378 - INFO - ENTRY EVALUATION: IV percentile too low (14.3% < 30%)
2025-10-25 14:16:12,378 - INFO - ENTRY EVALUATION: IV percentile too low (12.7% < 30%)
2025-10-25 14:16:12,379 - INFO - ENTRY EVALUATION: IV percentile too low (19.8% < 30%)
2025-10-25 14:16:12,380 - INFO - ENTRY EVALUATION: IV percentile too low (22.6% < 30%)
2025-10-25 14:16:12,380 - INFO - ENTRY EVALUATION: IV percentile too low (15.9% < 30%)
2025-10-25 14:16:12,381 - INFO - ENTRY EVALUATION: IV percentile too low (20.6% < 30%)
2025-10-25 14:16:12,382 - INFO - ENTRY EVALUATION: IV percentile too low (15.9% < 30%)
2025-10-25 14:16:12,382 - INFO - ENTRY EVALUATION: IV percentile too low (25.0% < 30%)
2025-10-25 14:16:12,383 - INFO - ENTRY EVALUATION: IV percentile too low (21.4% < 30%)
2025-10-25 14:16:12,383 - INFO - ENTRY EVALUATION: IV percentile too low (12.7% < 30%)
2025-10-25 14:16:12,385 - INFO - ENTRY EVALUATION: IV percentile too low (7.9% < 30%)
2025-10-25 14:16:12,386 - INFO - ENTRY EVALUATION: IV percentile too low (6.0% < 30%)
2025-10-25 14:16:12,388 - INFO - ENTRY EVALUATION: IV percentile too low (8.7% < 30%)
2025-10-25 14:16:12,389 - INFO - ENTRY EVALUATION: IV percentile too low (6.0% < 30%)
2025-10-25 14:16:12,390 - INFO - ENTRY EVALUATION: IV percentile too low (15.9% < 30%)
2025-10-25 14:16:12,391 - INFO - ENTRY EVALUATION: IV percentile too low (6.0% < 30%)
2025-10-25 14:16:12,391 - INFO - ENTRY EVALUATION: IV percentile too low (10.3% < 30%)
2025-10-25 14:16:12,392 - INFO - ENTRY EVALUATION: IV percentile too low (5.2% < 30%)
2025-10-25 14:16:12,393 - INFO - ENTRY EVALUATION: IV percentile too low (11.9% < 30%)
2025-10-25 14:16:12,394 - INFO - ENTRY EVALUATION: IV percentile too low (7.5% < 30%)
2025-10-25 14:16:12,395 - INFO - ENTRY EVALUATION: IV percentile too low (3.2% < 30%)
2025-10-25 14:16:12,396 - INFO - ENTRY EVALUATION: IV percentile too low (0.0% < 30%)
2025-10-25 14:16:12,398 - INFO - ENTRY EVALUATION: IV percentile too low (0.8% < 30%)
2025-10-25 14:16:12,399 - INFO - ENTRY EVALUATION: IV percentile too low (0.0% < 30%)
2025-10-25 14:16:12,399 - INFO - ENTRY EVALUATION: IV percentile too low (0.8% < 30%)
2025-10-25 14:16:12,403 - INFO - ENTRY EVALUATION: IV percentile too low (4.0% < 30%)
2025-10-25 14:16:12,405 - INFO - ENTRY EVALUATION: IV percentile too low (2.4% < 30%)
2025-10-25 14:16:12,407 - INFO - ENTRY EVALUATION: IV percentile too low (5.6% < 30%)
2025-10-25 14:16:12,408 - INFO - ENTRY EVALUATION: IV percentile too low (4.8% < 30%)
2025-10-25 14:16:12,409 - INFO - ENTRY EVALUATION: IV percentile too low (6.3% < 30%)
2025-10-25 14:16:12,410 - INFO - ENTRY EVALUATION: IV percentile too low (9.5% < 30%)
2025-10-25 14:16:12,411 - INFO - ENTRY EVALUATION: IV percentile too low (6.3% < 30%)
2025-10-25 14:16:12,411 - INFO - ENTRY EVALUATION: IV percentile too low (4.8% < 30%)
2025-10-25 14:16:12,412 - INFO - ENTRY EVALUATION: IV percentile too low (7.1% < 30%)
2025-10-25 14:16:12,413 - INFO - ENTRY EVALUATION: IV percentile too low (11.9% < 30%)
2025-10-25 14:16:12,413 - INFO - ENTRY EVALUATION: IV percentile too low (1.6% < 30%)
2025-10-25 14:16:12,414 - INFO - ENTRY EVALUATION: IV percentile too low (0.8% < 30%)
2025-10-25 14:16:12,415 - INFO - ENTRY EVALUATION: IV percentile too low (0.0% < 30%)
2025-10-25 14:16:12,416 - INFO - ENTRY EVALUATION: IV percentile too low (5.6% < 30%)
2025-10-25 14:16:12,416 - INFO - ENTRY EVALUATION: IV percentile too low (8.7% < 30%)
2025-10-25 14:16:12,420 - INFO - ENTRY EVALUATION: IV percentile too low (11.9% < 30%)
2025-10-25 14:16:12,421 - INFO - ENTRY EVALUATION: IV percentile too low (0.0% < 30%)
2025-10-25 14:16:12,423 - INFO - ENTRY EVALUATION: IV percentile too low (4.8% < 30%)
2025-10-25 14:16:12,424 - INFO - ENTRY EVALUATION: IV percentile too low (0.0% < 30%)
2025-10-25 14:16:12,427 - INFO - ENTRY EVALUATION: IV percentile too low (0.8% < 30%)
2025-10-25 14:16:12,428 - INFO - ENTRY EVALUATION: IV percentile too low (3.2% < 30%)
2025-10-25 14:16:12,429 - INFO - ENTRY EVALUATION: IV percentile too low (0.8% < 30%)
2025-10-25 14:16:12,429 - INFO - ENTRY EVALUATION: IV percentile too low (4.0% < 30%)
2025-10-25 14:16:12,430 - INFO - ENTRY EVALUATION: IV percentile too low (0.0% < 30%)
2025-10-25 14:16:12,431 - INFO - ENTRY EVALUATION: IV percentile too low (3.2% < 30%)
2025-10-25 14:16:12,431 - INFO - ENTRY EVALUATION: IV percentile too low (4.0% < 30%)
2025-10-25 14:16:12,432 - INFO - ENTRY EVALUATION: IV percentile too low (17.5% < 30%)
2025-10-25 14:16:12,432 - INFO - ENTRY EVALUATION: IV percentile too low (15.1% < 30%)
2025-10-25 14:16:12,435 - INFO - ENTRY EVALUATION: IV percentile too low (12.7% < 30%)
2025-10-25 14:16:12,436 - INFO - ENTRY EVALUATION: IV percentile too low (4.0% < 30%)
2025-10-25 14:16:12,437 - INFO - ENTRY EVALUATION: IV percentile too low (0.0% < 30%)
2025-10-25 14:16:12,438 - INFO - ENTRY EVALUATION: IV percentile too low (15.1% < 30%)
2025-10-25 14:16:12,439 - INFO - ENTRY EVALUATION: IV percentile too low (23.8% < 30%)
2025-10-25 14:16:12,442 - INFO - ENTRY EVALUATION: IV percentile too low (5.6% < 30%)
2025-10-25 14:16:12,443 - INFO - ENTRY EVALUATION: IV percentile too low (15.9% < 30%)
2025-10-25 14:16:12,444 - INFO - ENTRY EVALUATION: IV percentile too low (26.2% < 30%)
2025-10-25 14:16:12,445 - INFO - ENTRY EVALUATION: Entry approved - VIX: 10.63, IV Percentile: 32.5%
2025-10-25 14:16:12,445 - INFO - STRIKES SELECTED: CE=25557, PE=25043, OTM Distance=257, VIX=10.63
2025-10-25 14:16:12,446 - INFO - ENTRY EXECUTION: CE=150.85, PE=53.55, Combined=204.40
2025-10-25 14:16:12,446 - WARNING - Combined premium Rs.204.40 outside range [50, 200]
2025-10-25 14:16:12,580 - INFO - DAY SUMMARY: Trades=0, Daily P&L=Rs.0.00, CE=Rs.0.00, PE=Rs.0.00, Entry Checks=98
2025-10-25 14:16:12,588 - INFO - ENTRY EVALUATION: IV percentile too low (2.4% < 30%)
2025-10-25 14:16:12,590 - INFO - ENTRY EVALUATION: IV percentile too low (0.4% < 30%)
2025-10-25 14:16:12,592 - INFO - ENTRY EVALUATION: IV percentile too low (2.4% < 30%)
2025-10-25 14:16:12,594 - INFO - ENTRY EVALUATION: IV percentile too low (4.8% < 30%)
2025-10-25 14:16:12,594 - INFO - ENTRY EVALUATION: IV percentile too low (2.4% < 30%)
2025-10-25 14:16:12,595 - INFO - ENTRY EVALUATION: IV percentile too low (5.6% < 30%)
2025-10-25 14:16:12,595 - INFO - ENTRY EVALUATION: IV percentile too low (2.4% < 30%)
2025-10-25 14:16:12,596 - INFO - ENTRY EVALUATION: IV percentile too low (14.7% < 30%)
2025-10-25 14:16:12,597 - INFO - ENTRY EVALUATION: IV percentile too low (7.1% < 30%)
2025-10-25 14:16:12,597 - INFO - ENTRY EVALUATION: IV percentile too low (15.5% < 30%)
2025-10-25 14:16:12,598 - INFO - ENTRY EVALUATION: IV percentile too low (18.7% < 30%)
2025-10-25 14:16:12,599 - INFO - ENTRY EVALUATION: IV percentile too low (7.1% < 30%)
2025-10-25 14:16:12,599 - INFO - ENTRY EVALUATION: IV percentile too low (13.1% < 30%)
2025-10-25 14:16:12,601 - INFO - ENTRY EVALUATION: IV percentile too low (21.0% < 30%)
2025-10-25 14:16:12,603 - INFO - ENTRY EVALUATION: IV percentile too low (17.9% < 30%)
2025-10-25 14:16:12,604 - INFO - ENTRY EVALUATION: IV percentile too low (25.8% < 30%)
2025-10-25 14:16:12,605 - INFO - ENTRY EVALUATION: Entry approved - VIX: 10.51, IV Percentile: 30.6%
2025-10-25 14:16:12,606 - INFO - STRIKES SELECTED: CE=25706, PE=25194, OTM Distance=256, VIX=10.51
2025-10-25 14:16:12,607 - INFO - ENTRY EXECUTION: CE=102.25, PE=58.85, Combined=161.10
2025-10-25 14:16:12,607 - INFO - ORDER PLACED: SELL 1.0 of NIFTY25OCT25706CE @ Rs.102.25
2025-10-25 14:16:12,615 - INFO - TRADE ENTERED: SELL 1.0 NIFTY25OCT25706CE @ Rs.102.25
2025-10-25 14:16:12,615 - INFO - ORDER PLACED: SELL 1.0 of NIFTY25OCT25194PE @ Rs.58.85
2025-10-25 14:16:12,624 - INFO - TRADE ENTERED: SELL 1.0 NIFTY25OCT25194PE @ Rs.58.85
2025-10-25 14:16:12,627 - INFO - TRAILING STOP HIT: NIFTY25OCT25706CE
2025-10-25 14:16:12,633 - INFO - TRADE CLOSED: NIFTY25OCT25706CE, P&L: Rs.-4.35
2025-10-25 14:16:12,640 - INFO - TRAILING STOP HIT: NIFTY25OCT25194PE
2025-10-25 14:16:12,649 - INFO - TRADE CLOSED: NIFTY25OCT25194PE, P&L: Rs.1.55
2025-10-25 14:16:12,845 - INFO - DAY SUMMARY: Trades=2, Daily P&L=Rs.-2.80, CE=Rs.-4.35, PE=Rs.1.55, Entry Checks=20
2025-10-25 14:16:12,855 - INFO - ENTRY EVALUATION: IV percentile too high (96.8% > 80%)
2025-10-25 14:16:12,857 - INFO - ENTRY EVALUATION: IV percentile too high (96.0% > 80%)
2025-10-25 14:16:12,858 - INFO - ENTRY EVALUATION: IV percentile too high (95.2% > 80%)
2025-10-25 14:16:12,859 - INFO - ENTRY EVALUATION: IV percentile too high (97.6% > 80%)
2025-10-25 14:16:12,859 - INFO - ENTRY EVALUATION: IV percentile too high (98.8% > 80%)
2025-10-25 14:16:12,860 - INFO - ENTRY EVALUATION: IV percentile too high (98.0% > 80%)
2025-10-25 14:16:12,862 - INFO - ENTRY EVALUATION: IV percentile too high (99.2% > 80%)
2025-10-25 14:16:12,863 - INFO - ENTRY EVALUATION: IV percentile too high (98.4% > 80%)
2025-10-25 14:16:12,864 - INFO - ENTRY EVALUATION: IV percentile too high (96.8% > 80%)
2025-10-25 14:16:12,865 - INFO - ENTRY EVALUATION: IV percentile too high (99.2% > 80%)
2025-10-25 14:16:12,865 - INFO - ENTRY EVALUATION: IV percentile too high (98.4% > 80%)
2025-10-25 14:16:12,866 - INFO - ENTRY EVALUATION: IV percentile too high (96.0% > 80%)
2025-10-25 14:16:12,867 - INFO - ENTRY EVALUATION: IV percentile too high (98.4% > 80%)
2025-10-25 14:16:12,869 - INFO - ENTRY EVALUATION: IV percentile too high (96.8% > 80%)
2025-10-25 14:16:12,871 - INFO - ENTRY EVALUATION: IV percentile too high (90.1% > 80%)
2025-10-25 14:16:12,872 - INFO - ENTRY EVALUATION: IV percentile too high (86.5% > 80%)
2025-10-25 14:16:12,874 - INFO - ENTRY EVALUATION: IV percentile too high (92.1% > 80%)
2025-10-25 14:16:12,875 - INFO - ENTRY EVALUATION: IV percentile too high (88.5% > 80%)
2025-10-25 14:16:12,875 - INFO - ENTRY EVALUATION: IV percentile too high (91.3% > 80%)
2025-10-25 14:16:12,876 - INFO - ENTRY EVALUATION: IV percentile too high (95.2% > 80%)
2025-10-25 14:16:12,877 - INFO - ENTRY EVALUATION: IV percentile too high (89.7% > 80%)
2025-10-25 14:16:12,878 - INFO - ENTRY EVALUATION: IV percentile too high (85.3% > 80%)
2025-10-25 14:16:12,879 - INFO - ENTRY EVALUATION: IV percentile too high (80.6% > 80%)
2025-10-25 14:16:12,880 - INFO - ENTRY EVALUATION: Entry approved - VIX: 11.16, IV Percentile: 77.0%
2025-10-25 14:16:12,880 - INFO - STRIKES SELECTED: CE=25864, PE=25336, OTM Distance=264, VIX=11.16
2025-10-25 14:16:12,881 - INFO - ENTRY EXECUTION: CE=107.00, PE=61.80, Combined=168.80
2025-10-25 14:16:12,882 - INFO - ORDER PLACED: SELL 1.0 of NIFTY25OCT25864CE @ Rs.107.00
2025-10-25 14:16:12,889 - INFO - TRADE ENTERED: SELL 1.0 NIFTY25OCT25864CE @ Rs.107.00
2025-10-25 14:16:12,889 - INFO - ORDER PLACED: SELL 1.0 of NIFTY25OCT25336PE @ Rs.61.80
2025-10-25 14:16:12,899 - INFO - TRADE ENTERED: SELL 1.0 NIFTY25OCT25336PE @ Rs.61.80
2025-10-25 14:16:12,903 - INFO - TRAILING STOP HIT: NIFTY25OCT25864CE
2025-10-25 14:16:12,912 - INFO - TRADE CLOSED: NIFTY25OCT25864CE, P&L: Rs.-0.50
2025-10-25 14:16:12,916 - INFO - TRAILING STOP HIT: NIFTY25OCT25336PE
2025-10-25 14:16:12,929 - INFO - TRADE CLOSED: NIFTY25OCT25336PE, P&L: Rs.1.50
2025-10-25 14:16:13,145 - INFO - DAY SUMMARY: Trades=4, Daily P&L=Rs.1.00, CE=Rs.-0.50, PE=Rs.1.50, Entry Checks=26
2025-10-25 14:16:13,159 - INFO - ENTRY EVALUATION: IV percentile too high (90.9% > 80%)
2025-10-25 14:16:13,160 - INFO - ENTRY EVALUATION: IV percentile too high (86.5% > 80%)
2025-10-25 14:16:13,161 - INFO - ENTRY EVALUATION: Entry approved - VIX: 11.61, IV Percentile: 59.5%
2025-10-25 14:16:13,162 - INFO - STRIKES SELECTED: CE=26170, PE=25630, OTM Distance=270, VIX=11.61
2025-10-25 14:16:13,163 - INFO - ENTRY EXECUTION: CE=65.35, PE=62.05, Combined=127.40
2025-10-25 14:16:13,163 - INFO - ORDER PLACED: SELL 1.0 of NIFTY25OCT26170CE @ Rs.65.35
2025-10-25 14:16:13,170 - INFO - TRADE ENTERED: SELL 1.0 NIFTY25OCT26170CE @ Rs.65.35
2025-10-25 14:16:13,171 - INFO - ORDER PLACED: SELL 1.0 of NIFTY25OCT25630PE @ Rs.62.05
2025-10-25 14:16:13,179 - INFO - TRADE ENTERED: SELL 1.0 NIFTY25OCT25630PE @ Rs.62.05
2025-10-25 14:16:13,181 - INFO - TRAILING STOP HIT: NIFTY25OCT26170CE
2025-10-25 14:16:13,189 - INFO - TRADE CLOSED: NIFTY25OCT26170CE, P&L: Rs.4.50
2025-10-25 14:16:13,387 - INFO - TRAILING STOP HIT: NIFTY25OCT25630PE
2025-10-25 14:16:13,395 - INFO - TRADE CLOSED: NIFTY25OCT25630PE, P&L: Rs.3.00
2025-10-25 14:16:13,476 - INFO - DAY SUMMARY: Trades=6, Daily P&L=Rs.7.50, CE=Rs.4.50, PE=Rs.3.00, Entry Checks=3
2025-10-25 14:16:13,482 - INFO - ENTRY EVALUATION: IV percentile too low (9.1% < 30%)
2025-10-25 14:16:13,483 - INFO - ENTRY EVALUATION: IV percentile too low (11.1% < 30%)
2025-10-25 14:16:13,486 - INFO - ENTRY EVALUATION: IV percentile too low (10.7% < 30%)
2025-10-25 14:16:13,487 - INFO - ENTRY EVALUATION: IV percentile too low (14.3% < 30%)
2025-10-25 14:16:13,491 - INFO - ENTRY EVALUATION: IV percentile too low (25.0% < 30%)
2025-10-25 14:16:13,493 - INFO - ENTRY EVALUATION: Entry approved - VIX: 11.57, IV Percentile: 62.7%
2025-10-25 14:16:13,494 - INFO - STRIKES SELECTED: CE=26169, PE=25631, OTM Distance=269, VIX=11.57
2025-10-25 14:16:13,495 - INFO - ENTRY EXECUTION: CE=52.05, PE=53.00, Combined=105.05
2025-10-25 14:16:13,495 - INFO - ORDER PLACED: SELL 1.0 of NIFTY25OCT26169CE @ Rs.52.05
2025-10-25 14:16:13,506 - INFO - TRADE ENTERED: SELL 1.0 NIFTY25OCT26169CE @ Rs.52.05
2025-10-25 14:16:13,507 - INFO - ORDER PLACED: SELL 1.0 of NIFTY25OCT25631PE @ Rs.53.00
2025-10-25 14:16:13,513 - INFO - TRADE ENTERED: SELL 1.0 NIFTY25OCT25631PE @ Rs.53.00
2025-10-25 14:16:13,515 - INFO - TRAILING STOP HIT: NIFTY25OCT25631PE
2025-10-25 14:16:13,526 - INFO - TRADE CLOSED: NIFTY25OCT25631PE, P&L: Rs.4.70
2025-10-25 14:16:13,543 - INFO - TRAILING STOP HIT: NIFTY25OCT26169CE
2025-10-25 14:16:13,549 - INFO - TRADE CLOSED: NIFTY25OCT26169CE, P&L: Rs.-1.10
2025-10-25 14:16:13,595 - INFO - DAY SUMMARY: Trades=8, Daily P&L=Rs.3.60, CE=Rs.-1.10, PE=Rs.4.70, Entry Checks=7
2025-10-25 14:16:13,618 - INFO - ENTRY EVALUATION: IV percentile too high (96.4% > 80%)
2025-10-25 14:16:13,620 - INFO - ENTRY EVALUATION: IV percentile too high (95.6% > 80%)
2025-10-25 14:16:13,621 - INFO - ENTRY EVALUATION: IV percentile too high (93.7% > 80%)
2025-10-25 14:16:13,625 - INFO - ENTRY EVALUATION: IV percentile too high (94.8% > 80%)
2025-10-25 14:16:13,628 - INFO - ENTRY EVALUATION: IV percentile too high (98.4% > 80%)
2025-10-25 14:16:13,631 - INFO - ENTRY EVALUATION: IV percentile too high (99.2% > 80%)
2025-10-25 14:16:13,632 - INFO - ENTRY EVALUATION: IV percentile too high (96.8% > 80%)
2025-10-25 14:16:13,635 - INFO - ENTRY EVALUATION: IV percentile too high (99.2% > 80%)
2025-10-25 14:16:13,636 - INFO - ENTRY EVALUATION: IV percentile too high (98.4% > 80%)
2025-10-25 14:16:13,638 - INFO - ENTRY EVALUATION: IV percentile too high (96.8% > 80%)
2025-10-25 14:16:13,641 - INFO - ENTRY EVALUATION: IV percentile too high (97.6% > 80%)
2025-10-25 14:16:13,645 - INFO - ENTRY EVALUATION: IV percentile too high (99.2% > 80%)
2025-10-25 14:16:13,648 - INFO - ENTRY EVALUATION: IV percentile too high (98.4% > 80%)
2025-10-25 14:16:13,649 - INFO - ENTRY EVALUATION: IV percentile too high (96.8% > 80%)
2025-10-25 14:16:13,652 - INFO - ENTRY EVALUATION: IV percentile too high (93.7% > 80%)
2025-10-25 14:16:13,653 - INFO - ENTRY EVALUATION: IV percentile too high (92.9% > 80%)
2025-10-25 14:16:13,655 - INFO - ENTRY EVALUATION: IV percentile too high (91.3% > 80%)
2025-10-25 14:16:13,657 - INFO - ENTRY EVALUATION: IV percentile too high (90.5% > 80%)
2025-10-25 14:16:13,661 - INFO - ENTRY EVALUATION: IV percentile too high (88.9% > 80%)
2025-10-25 14:16:13,663 - INFO - ENTRY EVALUATION: IV percentile too high (82.1% > 80%)
2025-10-25 14:16:13,666 - INFO - ENTRY EVALUATION: IV percentile too high (84.1% > 80%)
2025-10-25 14:16:13,669 - INFO - ENTRY EVALUATION: IV percentile too high (80.6% > 80%)
2025-10-25 14:16:13,670 - INFO - ENTRY EVALUATION: IV percentile too high (82.5% > 80%)
2025-10-25 14:16:13,672 - INFO - ENTRY EVALUATION: Entry approved - VIX: 11.88, IV Percentile: 79.0%
2025-10-25 14:16:13,673 - INFO - STRIKES SELECTED: CE=26323, PE=25777, OTM Distance=273, VIX=11.88
2025-10-25 14:16:13,676 - INFO - ENTRY EXECUTION: CE=68.00, PE=28.90, Combined=96.90
2025-10-25 14:16:13,677 - INFO - ORDER PLACED: SELL 2.0 of NIFTY25OCT26323CE @ Rs.68.00
2025-10-25 14:16:13,685 - INFO - TRADE ENTERED: SELL 2.0 NIFTY25OCT26323CE @ Rs.68.00
2025-10-25 14:16:13,686 - INFO - ORDER PLACED: SELL 2.0 of NIFTY25OCT25777PE @ Rs.28.90
2025-10-25 14:16:13,696 - INFO - TRADE ENTERED: SELL 2.0 NIFTY25OCT25777PE @ Rs.28.90
2025-10-25 14:16:13,709 - INFO - TRAILING STOP HIT: NIFTY25OCT25777PE
2025-10-25 14:16:13,723 - INFO - TRADE CLOSED: NIFTY25OCT25777PE, P&L: Rs.2.10
2025-10-25 14:16:13,803 - INFO - TRAILING STOP HIT: NIFTY25OCT26323CE
2025-10-25 14:16:13,816 - INFO - TRADE CLOSED: NIFTY25OCT26323CE, P&L: Rs.0.40
2025-10-25 14:16:14,005 - INFO - DAY SUMMARY: Trades=10, Daily P&L=Rs.2.50, CE=Rs.0.40, PE=Rs.2.10, Entry Checks=28
